Build started 12/14/2014 6:42:36 PM.
     1>Project "C:\Users\Casey\Desktop\Chess\Chess\Chess.vcxproj" on node 2 (Build target(s)).
     1>ClCompile:
         C:\Program Files (x86)\Microsoft Visual Studio 12.0\VC\bin\CL.exe /c /ZI /nologo /W3 /WX- /sdl /Od /Oy- /D _MBCS /Gm /EHsc /RTC1 /MDd /GS /fp:precise /Zc:wchar_t /Zc:forScope /Fo"Debug\\" /Fd"Debug\vc120.pdb" /Gd /TP /analyze- /errorReport:prompt Chess.cpp
         Chess.cpp
     1>c:\users\casey\desktop\chess\chess\chess.cpp(36): warning C4154: deletion of an array expression; conversion to pointer supplied
     1>c:\users\casey\desktop\chess\chess\chess.cpp(267): error C4716: 'Chess::GrabMovementData' : must return a value
     1>Done Building Project "C:\Users\Casey\Desktop\Chess\Chess\Chess.vcxproj" (Build target(s)) -- FAILED.

Build FAILED.

Time Elapsed 00:00:00.34
